<?xml version="1.0" encoding="UTF-8"?>
<!-- Generated by org.testng.reporters.JUnitReportReporter -->
<testsuite hostname="DESKTOP-KI9M1GO" name="Tests.forgot_passwordTest" tests="1" failures="0" timestamp="26 Apr 2022 18:35:40 GMT" time="0.591" errors="0">
  <testcase name="ForgotPasswordTest" time="0.591" classname="Tests.forgot_passwordTest"/>
</testsuite>
