<?xml version="1.0" encoding="UTF-8"?>
<!-- Generated by org.testng.reporters.JUnitReportReporter -->
<testsuite hostname="DESKTOP-KI9M1GO" name="Tests.ZerodhaTest1" tests="1" failures="0" timestamp="27 Apr 2022 18:04:42 GMT" time="17.225" errors="0">
  <testcase name="LoginWithValidInput" time="17.225" classname="Tests.ZerodhaTest1"/>
</testsuite>
